<?xml version="1.0" encoding="UTF-8" standalone="no"?>
<!DOCTYPE log SYSTEM "logger.dtd">
<log>
<record>
  <date>2018-09-06T14:12:05.773-0300</date>
  <logger>RICH ELTON CARVALHO RAMALHO</logger>
  <level>FINE</level>
  <message>File 117210710-RICH ELTON CARVALHO RAMALHO.zip was received. It was sent by RICH ELTON CARVALHO RAMALHO from IP 150.165.42.148</message>
</record>
</log>
<?xml version="1.0" encoding="UTF-8" standalone="no"?>
<!DOCTYPE log SYSTEM "logger.dtd">
<log>
<record>
  <date>2018-09-06T15:16:37.207-0300</date>
  <logger>RICH ELTON CARVALHO RAMALHO</logger>
  <level>FINE</level>
  <message>File 117210710-RICH ELTON CARVALHO RAMALHO.zip was received. It was sent by RICH ELTON CARVALHO RAMALHO from IP 150.165.42.148</message>
</record>
</log>
<?xml version="1.0" encoding="UTF-8" standalone="no"?>
<!DOCTYPE log SYSTEM "logger.dtd">
<log>
<record>
  <date>2018-09-06T15:18:32.626-0300</date>
  <logger>RICH ELTON CARVALHO RAMALHO</logger>
  <level>FINE</level>
  <message>File 117210710-RICH ELTON CARVALHO RAMALHO.zip was received. It was sent by RICH ELTON CARVALHO RAMALHO from IP 150.165.42.148</message>
</record>
</log>
<?xml version="1.0" encoding="UTF-8" standalone="no"?>
<!DOCTYPE log SYSTEM "logger.dtd">
<log>
<record>
  <date>2018-09-06T15:22:28.313-0300</date>
  <logger>RICH ELTON CARVALHO RAMALHO</logger>
  <level>FINE</level>
  <message>File 117210710-RICH ELTON CARVALHO RAMALHO.zip was received. It was sent by RICH ELTON CARVALHO RAMALHO from IP 150.165.42.148</message>
</record>
</log>
<?xml version="1.0" encoding="UTF-8" standalone="no"?>
<!DOCTYPE log SYSTEM "logger.dtd">
<log>
<record>
  <date>2018-09-06T15:50:49.672-0300</date>
  <logger>RICH ELTON CARVALHO RAMALHO</logger>
  <level>FINE</level>
  <message>File 117210710-RICH ELTON CARVALHO RAMALHO.zip was received. It was sent by RICH ELTON CARVALHO RAMALHO from IP 150.165.42.148</message>
</record>
</log>
<?xml version="1.0" encoding="UTF-8" standalone="no"?>
<!DOCTYPE log SYSTEM "logger.dtd">
<log>
<record>
  <date>2018-09-06T21:58:43.817-0300</date>
  <logger>RICH ELTON CARVALHO RAMALHO</logger>
  <level>FINE</level>
  <message>File 117210710-RICH ELTON CARVALHO RAMALHO.zip was received. It was sent by RICH ELTON CARVALHO RAMALHO from IP 192.168.15.8</message>
</record>
