<?xml version="1.0" encoding="UTF-8" standalone="no"?>
<!DOCTYPE log SYSTEM "logger.dtd">
<log>
<record>
  <date>2018-11-01T14:21:37.608-0300</date>
  <logger>RICH ELTON CARVALHO RAMALHO</logger>
  <level>FINE</level>
  <message>File 117210710-RICH ELTON CARVALHO RAMALHO.zip was received. It was sent by RICH ELTON CARVALHO RAMALHO from IP 192.168.56.1</message>
</record>
</log>
<?xml version="1.0" encoding="UTF-8" standalone="no"?>
<!DOCTYPE log SYSTEM "logger.dtd">
<log>
<record>
  <date>2018-11-01T15:19:07.366-0300</date>
  <logger>RICH ELTON CARVALHO RAMALHO</logger>
  <level>FINE</level>
  <message>File 117210710-RICH ELTON CARVALHO RAMALHO.zip was received. It was sent by RICH ELTON CARVALHO RAMALHO from IP 192.168.56.1</message>
</record>
</log>
<?xml version="1.0" encoding="UTF-8" standalone="no"?>
<!DOCTYPE log SYSTEM "logger.dtd">
<log>
<record>
  <date>2018-11-01T15:23:25.284-0300</date>
  <logger>RICH ELTON CARVALHO RAMALHO</logger>
  <level>FINE</level>
  <message>File 117210710-RICH ELTON CARVALHO RAMALHO.zip was received. It was sent by RICH ELTON CARVALHO RAMALHO from IP 192.168.56.1</message>
</record>
