<?xml version="1.0" encoding="UTF-8" standalone="no"?>
<!DOCTYPE log SYSTEM "logger.dtd">
<log>
<record>
  <date>2018-09-10T16:03:44.411-0300</date>
  <logger>RICH ELTON CARVALHO RAMALHO</logger>
  <level>FINE</level>
  <message>File 117210710-RICH ELTON CARVALHO RAMALHO.zip was received. It was sent by RICH ELTON CARVALHO RAMALHO from IP 150.165.42.148</message>
</record>
</log>
<?xml version="1.0" encoding="UTF-8" standalone="no"?>
<!DOCTYPE log SYSTEM "logger.dtd">
<log>
<record>
  <date>2018-09-10T20:45:20.937-0300</date>
  <logger>RICH ELTON CARVALHO RAMALHO</logger>
  <level>FINE</level>
  <message>File 117210710-RICH ELTON CARVALHO RAMALHO.zip was received. It was sent by RICH ELTON CARVALHO RAMALHO from IP 192.168.15.5</message>
</record>
</log>
<?xml version="1.0" encoding="UTF-8" standalone="no"?>
<!DOCTYPE log SYSTEM "logger.dtd">
<log>
<record>
  <date>2018-09-10T22:26:21.675-0300</date>
  <logger>RICH ELTON CARVALHO RAMALHO</logger>
  <level>FINE</level>
  <message>File 117210710-RICH ELTON CARVALHO RAMALHO.zip was received. It was sent by RICH ELTON CARVALHO RAMALHO from IP 192.168.15.5</message>
</record>
