<?xml version="1.0" encoding="UTF-8" standalone="no"?>
<!DOCTYPE log SYSTEM "logger.dtd">
<log>
<record>
  <date>2018-08-30T14:13:10.480-0300</date>
  <logger>RICH ELTON CARVALHO RAMALHO</logger>
  <level>FINE</level>
  <message>File 117210710-RICH ELTON CARVALHO RAMALHO.zip was received. It was sent by RICH ELTON CARVALHO RAMALHO from IP 150.165.42.156</message>
</record>
</log>
<?xml version="1.0" encoding="UTF-8" standalone="no"?>
<!DOCTYPE log SYSTEM "logger.dtd">
<log>
<record>
  <date>2018-08-30T14:27:06.621-0300</date>
  <logger>RICH ELTON CARVALHO RAMALHO</logger>
  <level>FINE</level>
  <message>File 117210710-RICH ELTON CARVALHO RAMALHO.zip was received. It was sent by RICH ELTON CARVALHO RAMALHO from IP 150.165.42.156</message>
</record>
</log>
<?xml version="1.0" encoding="UTF-8" standalone="no"?>
<!DOCTYPE log SYSTEM "logger.dtd">
<log>
<record>
  <date>2018-08-30T21:52:55.718-0300</date>
  <logger>RICH ELTON CARVALHO RAMALHO</logger>
  <level>FINE</level>
  <message>File 117210710-RICH ELTON CARVALHO RAMALHO.zip was received. It was sent by RICH ELTON CARVALHO RAMALHO from IP 192.168.15.5</message>
</record>
