<?xml version="1.0" encoding="UTF-8" standalone="no"?>
<!DOCTYPE log SYSTEM "logger.dtd">
<log>
<record>
  <date>2018-10-01T16:21:36.858-0300</date>
  <logger>RICH ELTON CARVALHO RAMALHO</logger>
  <level>FINE</level>
  <message>File 117210710-RICH ELTON CARVALHO RAMALHO.zip was received. It was sent by RICH ELTON CARVALHO RAMALHO from IP 192.168.15.93</message>
</record>
</log>
<?xml version="1.0" encoding="UTF-8" standalone="no"?>
<!DOCTYPE log SYSTEM "logger.dtd">
<log>
<record>
  <date>2018-10-01T18:29:54.474-0300</date>
  <logger>RICH ELTON CARVALHO RAMALHO</logger>
  <level>FINE</level>
  <message>File 117210710-RICH ELTON CARVALHO RAMALHO.zip was received. It was sent by RICH ELTON CARVALHO RAMALHO from IP 192.168.1.104</message>
</record>
</log>
<?xml version="1.0" encoding="UTF-8" standalone="no"?>
<!DOCTYPE log SYSTEM "logger.dtd">
<log>
<record>
  <date>2018-10-01T21:04:41.234-0300</date>
  <logger>RICH ELTON CARVALHO RAMALHO</logger>
  <level>FINE</level>
  <message>File 117210710-RICH ELTON CARVALHO RAMALHO.zip was received. It was sent by RICH ELTON CARVALHO RAMALHO from IP 192.168.1.104</message>
</record>
